(---------------------------------------------------------------------)
(                                                                     )
(    Allegro Netrev Import Logic                                      )
(                                                                     )
(    Software Version : 17.2S025                                      )
(    Date/Time        : Sat Dec 21 13:52:07 2024                      )
(                                                                     )
(---------------------------------------------------------------------)


------ Directives ------------

Ripup etch:                  No
Ripup delete first segment:  No
Ripup retain bondwire:       No
Ripup symbols:               Always
Missing symbol has error:    No
DRC update:                  Yes
Schematic directory:         'C:\USERS\TEO\DESKTOP\P1_2024_431A_CATRINESCUTEODORA_PAI_NR24_ORCAD\allegro'
Design Directory:            'C:/USERS/TEO/DESKTOP/P1_2024_431A_CATRINESCUTEODORA_PAI_NR24_ORCAD/allegro'
Old design name:             'C:/Users/TEO/Desktop/Layout/PCB_nou.brd.lck'
New design name:             'C:/USERS/TEO/DESKTOP/P1_2024_431A_CATRINESCUTEODORA_PAI_NR24_ORCAD/allegro/TEO_PCB.brd'

CmdLine: netrev.exe -y 1 -i C:\USERS\TEO\DESKTOP\P1_2024_431A_CATRINESCUTEODORA_PAI_NR24_ORCAD\allegro C:\Users\TEO\Desktop\Layout\PCB_nou.brd.lck C:\USERS\TEO\DESKTOP\P1_2024_431A_CATRINESCUTEODORA_PAI_NR24_ORCAD\allegro\TEO_PCB.brd

------ Preparing to read pst files ------

Starting to read C:/USERS/TEO/DESKTOP/P1_2024_431A_CATRINESCUTEODORA_PAI_NR24_ORCAD/allegro/pstchip.dat 
   Finished reading C:/USERS/TEO/DESKTOP/P1_2024_431A_CATRINESCUTEODORA_PAI_NR24_ORCAD/allegro/pstchip.dat (00:00:00.08)
Starting to read C:/USERS/TEO/DESKTOP/P1_2024_431A_CATRINESCUTEODORA_PAI_NR24_ORCAD/allegro/pstxprt.dat 
   Finished reading C:/USERS/TEO/DESKTOP/P1_2024_431A_CATRINESCUTEODORA_PAI_NR24_ORCAD/allegro/pstxprt.dat (00:00:00.00)
Starting to read C:/USERS/TEO/DESKTOP/P1_2024_431A_CATRINESCUTEODORA_PAI_NR24_ORCAD/allegro/pstxnet.dat 
   Finished reading C:/USERS/TEO/DESKTOP/P1_2024_431A_CATRINESCUTEODORA_PAI_NR24_ORCAD/allegro/pstxnet.dat (00:00:00.00)

------ Oversights/Warnings/Errors ------


#1   ERROR(SPMHNI-178): Error detected opening physical design file.

ERROR(SPMHNI-177): Unable to open physical design file,'C:/Users/TEO/Desktop/Layout/PCB_nou.brd.lck':'File does not appear to be an Allegro design.'.

#2   Run stopped because errors were detected

netrev run on Dec 21 13:52:07 2024
   DESIGN NAME : 'TEO_PCB'
   PACKAGING ON Jul 30 2017 03:29:02

   COMPILE 'logic'
   CHECK_PIN_NAMES OFF
   CROSS_REFERENCE OFF
   FEEDBACK OFF
   INCREMENTAL OFF
   INTERFACE_TYPE PHYSICAL
   MAX_ERRORS 500
   MERGE_MINIMUM 5
   NET_NAME_CHARS '#%&()*+-./:=>?@[]^_`|'
   NET_NAME_LENGTH 24
   OVERSIGHTS ON
   REPLACE_CHECK OFF
   SINGLE_NODE_NETS ON
   SPLIT_MINIMUM 0
   SUPPRESS   20
   WARNINGS ON

  2 errors detected
 No oversight detected
 No warning detected

cpu time      0:00:30
elapsed time  0:00:01

